Terminal log file
Date: 3/3/2015 - 5:30:41 PM
-----------------------------------------------
Debug: Starting Mouse

Left Middle SensorRound: 0
3703,2716
3698,2715
3702,2713
3705,2713
3702,2710
3705,2717
3701,2716
3700,2717
3701,2713
3701,2717

Round: 1
3890,2701
3890,2697
3890,2698
3890,2697
3889,2694
3890,2693
3891,2693
3890,2692
3890,
3890,26923890,2689

Round: 2
3855,2670
3858,2668
3859,2668
3854,2665
3859,2665
3858,2663
3857,2664
3859,2661
3861,2659
3858,2660

Round: 3
3795,2634
3794,2631
3796,2631
3796,2630
3793,2628
3794,2626
3794,2624
3795,2622
3797,2621
3794,2618

Round: 4
3663,2588
3662,2585
3667,2584
3664,2580
3663,2580
3662,2576
3664,2574
3663,2570
3663,2568
3663,2565

Round: 5
3498,2523
3498,2520
3496,2515
3501,2512
3497,2508
3498,2504
3497,2501
3497,2497
3495,2494
3496,2484

Round: 6
3195,2407
3194,2400
3195,2392
3193,2384
3191,2377
3189,2365
3189,2359
3186,2350
3189,2344
3189,2331


Debug: Starting MouseLeft Middle Sensor

-----------------------------------------------
Date: 3/3/2015 - 5:33:32 PM
End log file
